<?xml version="1.0" encoding="UTF-8" ?>
<testsuite tests="11" failures="0" name="hu.unideb.inf.RunCucumberTest" time="43.207" errors="0" skipped="2">
  <properties>
    <property name="java.runtime.name" value="Java(TM) SE Runtime Environment"/>
    <property name="sun.boot.library.path" value="C:\Program Files\Java\jdk1.8.0_181\jre\bin"/>
    <property name="java.vm.version" value="25.181-b13"/>
    <property name="java.vm.vendor" value="Oracle Corporation"/>
    <property name="maven.multiModuleProjectDirectory" value="D:\Tanulás\Suli\Szoftvertesztelés\SzTBeadando"/>
    <property name="java.vendor.url" value="http://java.oracle.com/"/>
    <property name="path.separator" value=";"/>
    <property name="guice.disable.misplaced.annotation.check" value="true"/>
    <property name="java.vm.name" value="Java HotSpot(TM) 64-Bit Server VM"/>
    <property name="file.encoding.pkg" value="sun.io"/>
    <property name="user.script" value=""/>
    <property name="user.country" value="DE"/>
    <property name="sun.java.launcher" value="SUN_STANDARD"/>
    <property name="sun.os.patch.level" value=""/>
    <property name="java.vm.specification.name" value="Java Virtual Machine Specification"/>
    <property name="user.dir" value="D:\Tanulás\Suli\Szoftvertesztelés\SzTBeadando"/>
    <property name="java.runtime.version" value="1.8.0_181-b13"/>
    <property name="java.awt.graphicsenv" value="sun.awt.Win32GraphicsEnvironment"/>
    <property name="java.endorsed.dirs" value="C:\Program Files\Java\jdk1.8.0_181\jre\lib\endorsed"/>
    <property name="os.arch" value="amd64"/>
    <property name="java.io.tmpdir" value="C:\Users\guthk\AppData\Local\Temp\"/>
    <property name="line.separator" value="
"/>
    <property name="java.vm.specification.vendor" value="Oracle Corporation"/>
    <property name="user.variant" value=""/>
    <property name="os.name" value="Windows 10"/>
    <property name="classworlds.conf" value="C:\Program Files\apache-maven-3.6.0\bin\..\bin\m2.conf"/>
    <property name="sun.jnu.encoding" value="Cp1252"/>
    <property name="java.library.path" value="C:\Program Files\Java\jdk1.8.0_181\bin;C:\WINDOWS\Sun\Java\bin;C:\WINDOWS\system32;C:\WINDOWS;C:\Program Files (x86)\Common Files\Oracle\Java\javapath;C:\WINDOWS\system32;C:\WINDOWS;C:\WINDOWS\System32\Wbem;C:\WINDOWS\System32\WindowsPowerShell\v1.0\;C:\WINDOWS\System32\OpenSSH\;C:\Program Files\apache-maven-3.6.0\bin;C:\Program Files\dotnet\;C:\Program Files\nodejs\;C:\Users\guthk\AppData\Local\Microsoft\WindowsApps;c:\opencv\build\x64\vc15\bin\;C:\Users\guthk\AppData\Local\GitHubDesktop\bin;C:\Users\guthk\AppData\Roaming\npm;C:\Users\guthk\AppData\Local\Programs\Microsoft VS Code\bin;C:\Program Files\JetBrains\IntelliJ IDEA Community Edition 2020.1\bin;;."/>
    <property name="maven.conf" value="C:\Program Files\apache-maven-3.6.0\bin\../conf"/>
    <property name="java.specification.name" value="Java Platform API Specification"/>
    <property name="java.class.version" value="52.0"/>
    <property name="sun.management.compiler" value="HotSpot 64-Bit Tiered Compilers"/>
    <property name="os.version" value="10.0"/>
    <property name="library.jansi.path" value="C:\Program Files\apache-maven-3.6.0\bin\..\lib\jansi-native"/>
    <property name="user.home" value="C:\Users\guthk"/>
    <property name="user.timezone" value="Europe/Prague"/>
    <property name="java.awt.printerjob" value="sun.awt.windows.WPrinterJob"/>
    <property name="java.specification.version" value="1.8"/>
    <property name="file.encoding" value="Cp1252"/>
    <property name="user.name" value="guthk"/>
    <property name="java.class.path" value="C:\Program Files\apache-maven-3.6.0\bin\..\boot\plexus-classworlds-2.5.2.jar"/>
    <property name="java.vm.specification.version" value="1.8"/>
    <property name="sun.arch.data.model" value="64"/>
    <property name="java.home" value="C:\Program Files\Java\jdk1.8.0_181\jre"/>
    <property name="sun.java.command" value="org.codehaus.plexus.classworlds.launcher.Launcher test"/>
    <property name="java.specification.vendor" value="Oracle Corporation"/>
    <property name="user.language" value="de"/>
    <property name="awt.toolkit" value="sun.awt.windows.WToolkit"/>
    <property name="java.vm.info" value="mixed mode"/>
    <property name="java.version" value="1.8.0_181"/>
    <property name="java.ext.dirs" value="C:\Program Files\Java\jdk1.8.0_181\jre\lib\ext;C:\WINDOWS\Sun\Java\lib\ext"/>
    <property name="sun.boot.class.path" value="C:\Program Files\Java\jdk1.8.0_181\jre\lib\resources.jar;C:\Program Files\Java\jdk1.8.0_181\jre\lib\rt.jar;C:\Program Files\Java\jdk1.8.0_181\jre\lib\sunrsasign.jar;C:\Program Files\Java\jdk1.8.0_181\jre\lib\jsse.jar;C:\Program Files\Java\jdk1.8.0_181\jre\lib\jce.jar;C:\Program Files\Java\jdk1.8.0_181\jre\lib\charsets.jar;C:\Program Files\Java\jdk1.8.0_181\jre\lib\jfr.jar;C:\Program Files\Java\jdk1.8.0_181\jre\classes"/>
    <property name="sun.stderr.encoding" value="cp850"/>
    <property name="java.vendor" value="Oracle Corporation"/>
    <property name="maven.home" value="C:\Program Files\apache-maven-3.6.0\bin\.."/>
    <property name="file.separator" value="\"/>
    <property name="java.vendor.url.bug" value="http://bugreport.sun.com/bugreport/"/>
    <property name="sun.cpu.endian" value="little"/>
    <property name="sun.io.unicode.encoding" value="UnicodeLittle"/>
    <property name="sun.stdout.encoding" value="cp850"/>
    <property name="sun.desktop" value="windows"/>
    <property name="sun.cpu.isalist" value="amd64"/>
  </properties>
  <testcase classname="PhpTravel login process captcha not clicked" name="EMPTY_NAME" time="12.018">
    <skipped/>
    <system-out>
Scenario:                                      &amp;#27;[90m# hu/unideb/inf/beadando.feature:8&amp;#27;[0m
  &amp;#27;[32mGiven &amp;#27;[0m&amp;#27;[32mthe homepage is opened&amp;#27;[0m                 &amp;#27;[90m# hu.unideb.inf.StepDefinitions.theHomepageIsOpened()&amp;#27;[0m
  &amp;#27;[32mAnd &amp;#27;[0m&amp;#27;[32mthe sign in link is clicked&amp;#27;[0m              &amp;#27;[90m# hu.unideb.inf.StepDefinitions.theSignInLinkIsClicked()&amp;#27;[0m
  &amp;#27;[32mGiven &amp;#27;[0m&amp;#27;[32mthe Log In Button is clicked&amp;#27;[0m           &amp;#27;[90m# hu.unideb.inf.StepDefinitions.theLogInButtonIsClicked()&amp;#27;[0m
  &amp;#27;[33mThen &amp;#27;[0m&amp;#27;[33mcomplete captcha error message is shown&amp;#27;[0m &amp;#27;[90m# null&amp;#27;[0m
</system-out>
    <system-err>Apr 29, 2020 6:12:29 PM io.cucumber.junit.Cucumber &lt;init&gt;
WARNUNG: By default Cucumber is running in --non-strict mode.
This default will change to --strict and --non-strict will be removed.
You can use --strict or @CucumberOptions(strict = true) to suppress this warning
SLF4J: Failed to load class &quot;org.slf4j.impl.StaticLoggerBinder&quot;.
SLF4J: Defaulting to no-operation (NOP) logger implementation
SLF4J: See http://www.slf4j.org/codes.html#StaticLoggerBinder for further details.
Apr 29, 2020 6:12:30 PM java.util.prefs.WindowsPreferences &lt;init&gt;
WARNUNG: Could not open/create prefs root node Software\JavaSoft\Prefs at root 0x80000002. Windows RegCreateKeyEx(...) returned error code 5.
Starting ChromeDriver 81.0.4044.69 (6813546031a4bc83f717a2ef7cd4ac6ec1199132-refs/branch-heads/4044@{#776}) on port 27446
Only local connections are allowed.
Please protect ports used by ChromeDriver and related test frameworks to prevent access by malicious code.
Apr 29, 2020 6:12:33 PM org.openqa.selenium.remote.ProtocolHandshake createSession
INFORMATION: Detected dialect: W3C
[1588176756.862][SEVERE]: Timed out receiving message from renderer: 0.100
[1588176756.963][SEVERE]: Timed out receiving message from renderer: 0.100
[1588176757.064][SEVERE]: Timed out receiving message from renderer: 0.100
[1588176757.166][SEVERE]: Timed out receiving message from renderer: 0.100
[1588176757.268][SEVERE]: Timed out receiving message from renderer: 0.100
[1588176757.369][SEVERE]: Timed out receiving message from renderer: 0.100
[1588176757.473][SEVERE]: Timed out receiving message from renderer: 0.100
[1588176757.575][SEVERE]: Timed out receiving message from renderer: 0.100
[1588176757.676][SEVERE]: Timed out receiving message from renderer: 0.100
[1588176757.870][SEVERE]: Timed out receiving message from renderer: 0.100
[1588176757.972][SEVERE]: Timed out receiving message from renderer: 0.100
[1588176758.362][SEVERE]: Timed out receiving message from renderer: 0.100
[1588176758.731][SEVERE]: Timed out receiving message from renderer: 0.100
[1588176758.833][SEVERE]: Timed out receiving message from renderer: 0.100
[1588176758.934][SEVERE]: Timed out receiving message from renderer: 0.100
[1588176759.036][SEVERE]: Timed out receiving message from renderer: 0.100
</system-err>
  </testcase>
  <testcase classname="PhpTravel login process captcha not clicked" name="EMPTY_NAME" time="2.067">
    <skipped/>
    <system-out>
Scenario:                            &amp;#27;[90m# hu/unideb/inf/beadando.feature:12&amp;#27;[0m
  &amp;#27;[32mGiven &amp;#27;[0m&amp;#27;[32mthe homepage is opened&amp;#27;[0m       &amp;#27;[90m# hu.unideb.inf.StepDefinitions.theHomepageIsOpened()&amp;#27;[0m
  &amp;#27;[32mAnd &amp;#27;[0m&amp;#27;[32mthe sign in link is clicked&amp;#27;[0m    &amp;#27;[90m# hu.unideb.inf.StepDefinitions.theSignInLinkIsClicked()&amp;#27;[0m
  &amp;#27;[33mGiven &amp;#27;[0m&amp;#27;[33mthe captcha box is clicked&amp;#27;[0m   &amp;#27;[90m# null&amp;#27;[0m
  &amp;#27;[36mAnd &amp;#27;[0m&amp;#27;[36mthe Log In Button is clicked&amp;#27;[0m   &amp;#27;[90m# hu.unideb.inf.StepDefinitions.theLogInButtonIsClicked()&amp;#27;[0m
  &amp;#27;[33mThen &amp;#27;[0m&amp;#27;[33minvalid data message is shown&amp;#27;[0m &amp;#27;[90m# null&amp;#27;[0m
</system-out>
    <system-err>[1588176762.380][SEVERE]: Timed out receiving message from renderer: 0.100
[1588176762.543][SEVERE]: Timed out receiving message from renderer: 0.100
[1588176762.645][SEVERE]: Timed out receiving message from renderer: 0.100
</system-err>
  </testcase>
  <testcase classname="automation practice login process" name="EMPTY_NAME" time="4.119"/>
  <testcase classname="automation practice login process" name="EMPTY_NAME" time="2.889"/>
  <testcase classname="automation practice login process" name="EMPTY_NAME" time="3.19"/>
  <testcase classname="automation practice login process" name="EMPTY_NAME" time="2.74"/>
  <testcase classname="automation practice login process" name="EMPTY_NAME" time="3.077"/>
  <testcase classname="automation practice login process" name="EMPTY_NAME" time="4.966"/>
  <testcase classname="automation practice search process" name="EMPTY_NAME" time="2.298"/>
  <testcase classname="automation practice search process" name="EMPTY_NAME" time="3.414"/>
  <testcase classname="automation practice search process" name="EMPTY_NAME" time="2.429"/>
</testsuite>